59
And then they broke up and he posted her nudes all over the internet and ruined her career. 

Let’s never forget. https://t.co/qAjS5sEzz3

The potentially misleading tweet above is tweeted by someone with 3577 followers and has 43099 retweets.

If this tweet were spread to a population that
 - is highly polarized
 - is susceptible to misinformation
 - is susceptible to bandwagon cues and gets easily influenced by popular figures
 - doesn't think rationally or critically
 - gets easily influenced by emotion, especially negative ones
 - tends to believe information that aligns with their prior beliefs
would its message be believed by many or by few? Think in terms of how the tweet might appeal to the population and consider the tweet's metadata, sentiment, and topic. Do NOT consider the tweet's own factual accuracy, as a factually inaccurate tweet can still appear believable to the general public.

The author of the tweet has only 3577 followers, but the tweet itself has 43099 retweets. The tweet is written in a negative sentiment, and negative emotions sway people more than positive ones. However, the tweet is not addressing a political issue or a contentious topic, and it is not clear who the tweet is referring to. Therefore, the tweet may not appeal to a large population.

Therefore, the tweet is believable by few.

60
REMINDER: Plan B does not work for women over 165lbs. My way and Take Action are the better alternatives for us thicc chicks.

The potentially misleading tweet above is tweeted by someone with 804 followers and has 32823 retweets.

If this tweet were spread to a population that
 - is highly polarized
 - is susceptible to misinformation
 - is susceptible to bandwagon cues and gets easily influenced by popular figures
 - doesn't think rationally or critically
 - gets easily influenced by emotion, especially negative ones
 - tends to believe information that aligns with their prior beliefs
would its message be believed by many or by few? Think in terms of how the tweet might appeal to the population and consider the tweet's metadata, sentiment, and topic. Do NOT consider the tweet's own factual accuracy, as a factually inaccurate tweet can still appear believable to the general public.

The author of the tweet has only 804 followers, but the tweet itself has 32823 retweets. The tweet is written in a humorous tone, and people tend to believe information that aligns with their prior beliefs. However, the tweet is about a sensitive topic, and people might think more critically about it. Moreover, the tweet is factually inaccurate, and people might not believe it if they have prior knowledge about the topic.

Therefore, the tweet is believable by few.

61
“I’m tired of this separation of church and state junk.”

Lauren Boebert went full theocracy, and proclaimed, “The church is supposed to direct the government” per the founding fathers. https://t.co/XW5nXZZ6r8

The potentially misleading tweet above is tweeted by someone with 465953 followers and has 2958 retweets.

If this tweet were spread to a population that
 - is highly polarized
 - is susceptible to misinformation
 - is susceptible to bandwagon cues and gets easily influenced by popular figures
 - doesn't think rationally or critically
 - gets easily influenced by emotion, especially negative ones
 - tends to believe information that aligns with their prior beliefs
would its message be believed by many or by few? Think in terms of how the tweet might appeal to the population and consider the tweet's metadata, sentiment, and topic. Do NOT consider the tweet's own factual accuracy, as a factually inaccurate tweet can still appear believable to the general public.

The author of the tweet has 465953 followers, but the tweet itself has less than 3000 retweets, indicating that it doesn't have a lot of endorsements. The tweet is written in a negative sentiment, and negative emotions sway people more than positive ones. Moreover, the tweet addresses a political figure, and people tend to think less rationally when it comes to political topics. However, the tweet is not written in a provocative language, and the topic may not be as contentious as other political issues.

Therefore, the tweet is believable by few.

62
official ig page for the city of Federal Way, WA been going crazy in the stories 😂😂😂 https://t.co/ht3hv9FJlD

The potentially misleading tweet above is tweeted by someone with 912 followers and has 989 retweets.

If this tweet were spread to a population that
 - is highly polarized
 - is susceptible to misinformation
 - is susceptible to bandwagon cues and gets easily influenced by popular figures
 - doesn't think rationally or critically
 - gets easily influenced by emotion, especially negative ones
 - tends to believe information that aligns with their prior beliefs
would its message be believed by many or by few? Think in terms of how the tweet might appeal to the population and consider the tweet's metadata, sentiment, and topic. Do NOT consider the tweet's own factual accuracy, as a factually inaccurate tweet can still appear believable to the general public.

The author of the tweet has only 912 followers, and the tweet itself has 989 retweets. The tweet doesn't seem to have a negative sentiment, and it doesn't address any contentious political issues. The tweet is about a social media page going crazy in the stories, which doesn't seem to have any significant impact on the audience.

Therefore, the tweet is believable by few.

63
kids born in 2010 are turning 22 this year let that sink in

The potentially misleading tweet above is tweeted by someone with 294541 followers and has 10278 retweets.

If this tweet were spread to a population that
 - is highly polarized
 - is susceptible to misinformation
 - is susceptible to bandwagon cues and gets easily influenced by popular figures
 - doesn't think rationally or critically
 - gets easily influenced by emotion, especially negative ones
 - tends to believe information that aligns with their prior beliefs
would its message be believed by many or by few? Think in terms of how the tweet might appeal to the population and consider the tweet's metadata, sentiment, and topic. Do NOT consider the tweet's own factual accuracy, as a factually inaccurate tweet can still appear believable to the general public.

The tweet is not political or controversial, and it doesn't have a negative sentiment. It is a simple statement that doesn't appeal to any particular group or belief. The tweet has a low retweet count, which indicates that it doesn't have a significant impact on the audience.

Therefore, the tweet is believable by few.

64
BREAKING: The inflation rate for July dropped to 0%. ZERO PERCENT.

The potentially misleading tweet above is tweeted by someone with 1226278 followers and has 4572 retweets.

If this tweet were spread to a population that
 - is highly polarized
 - is susceptible to misinformation
 - is susceptible to bandwagon cues and gets easily influenced by popular figures
 - doesn't think rationally or critically
 - gets easily influenced by emotion, especially negative ones
 - tends to believe information that aligns with their prior beliefs
would its message be believed by many or by few? Think in terms of how the tweet might appeal to the population and consider the tweet's metadata, sentiment, and topic. Do NOT consider the tweet's own factual accuracy, as a factually inaccurate tweet can still appear believable to the general public.

The tweet claims that the inflation rate for July dropped to 0%, which is a significant claim. However, the tweet has a low number of retweets, which indicates that it hasn't gained much traction. The tweet doesn't have any sentiment, and it doesn't address any contentious political issues. Therefore, the tweet doesn't have any emotional appeal.

Therefore, the tweet is believable by few.

65
BREAKING: @RonDeSantisFL shows his support for the Trump search warrant and the agents that executed it. https://t.co/DuMLHE2vl1

The potentially misleading tweet above is tweeted by someone with 3450 followers and has 494 retweets.

If this tweet were spread to a population that
 - is highly polarized
 - is susceptible to misinformation
 - is susceptible to bandwagon cues and gets easily influenced by popular figures
 - doesn't think rationally or critically
 - gets easily influenced by emotion, especially negative ones
 - tends to believe information that aligns with their prior beliefs
would its message be believed by many or by few? Think in terms of how the tweet might appeal to the population and consider the tweet's metadata, sentiment, and topic. Do NOT consider the tweet's own factual accuracy, as a factually inaccurate tweet can still appear believable to the general public.

The author of the tweet has only 3450 followers, and the tweet itself has 494 retweets. The tweet doesn't have many endorsements, and the author is not influential. The tweet has a neutral sentiment, and neutral tweets are less likely to sway people's opinions. Moreover, the tweet addresses a specific political issue that may not be relevant or interesting to everyone.

Therefore, the tweet is believable by few.

66
Free speech does not authorize you to insult, condescend &amp; mock other religious figures &amp; religions. Some people don’t care about their religion but some do. Play a stupid game - you will win a stupid prize. Your call. Some people only want fame no matter the cost/sacrifice.

The potentially misleading tweet above is tweeted by someone with 545747 followers and has 196 retweets.

If this tweet were spread to a population that
 - is highly polarized
 - is susceptible to misinformation
 - is susceptible to bandwagon cues and gets easily influenced by popular figures
 - doesn't think rationally or critically
 - gets easily influenced by emotion, especially negative ones
 - tends to believe information that aligns with their prior beliefs
would its message be believed by many or by few? Think in terms of how the tweet might appeal to the population and consider the tweet's metadata, sentiment, and topic. Do NOT consider the tweet's own factual accuracy, as a factually inaccurate tweet can still appear believable to the general public.

The author of the tweet has 545747 followers, but the tweet itself has only 196 retweets, indicating that it doesn't have many endorsements. The tweet is written in a negative sentiment, and negative emotions sway people more than positive ones. The tweet addresses religious figures and religions, which can be a sensitive topic for some people. However, the tweet doesn't provide any context or specific examples, making it difficult for people to understand what the author is referring to.

Therefore, the tweet is believable by few.

67
Fauci is stepping down in December to try and avoid scrutiny from a Republican House that will take over in January.

Understand this loud and clear, Anthony:

We are coming for you whether you retire or not. You will not get away with what you did to America.

The potentially misleading tweet above is tweeted by someone with 2290995 followers and has 9450 retweets.

If this tweet were spread to a population that
 - is highly polarized
 - is susceptible to misinformation
 - is susceptible to bandwagon cues and gets easily influenced by popular figures
 - doesn't think rationally or critically
 - gets easily influenced by emotion, especially negative ones
 - tends to believe information that aligns with their prior beliefs
would its message be believed by many or by few? Think in terms of how the tweet might appeal to the population and consider the tweet's metadata, sentiment, and topic. Do NOT consider the tweet's own factual accuracy, as a factually inaccurate tweet can still appear believable to the general public.

The author of the tweet has 2290995 followers, and the tweet itself has less than 10,000 retweets. The tweet is written in a negative sentiment, and negative emotions sway people more than positive ones. However, the tweet is making an accusation without providing any evidence, and people tend to be more skeptical of unsupported claims. Moreover, the tweet is threatening and aggressive, which may turn off some people.

Therefore, the tweet is believable by few.

68
@DrLoupis 9 yrs old. Cardiac arrest.  

Someone make it make sense. 

Oh wait. They can’t. Because it doesn’t. 

Repeat after me: Nine.Year.Old.Children.Don’t.Have.Heart.Attacks!!

The potentially misleading tweet above is tweeted by someone with 618 followers and has 176 retweets.

If this tweet were spread to a population that
 - is highly polarized
 - is susceptible to misinformation
 - is susceptible to bandwagon cues and gets easily influenced by popular figures
 - doesn't think rationally or critically
 - gets easily influenced by emotion, especially negative ones
 - tends to believe information that aligns with their prior beliefs
would its message be believed by many or by few? Think in terms of how the tweet might appeal to the population and consider the tweet's metadata, sentiment, and topic. Do NOT consider the tweet's own factual accuracy, as a factually inaccurate tweet can still appear believable to the general public.

The author of the tweet has only 618 followers, and the tweet itself has 176 retweets. The tweet is written in a negative sentiment, and negative emotions sway people more than positive ones. However, the tweet is not addressing a contentious political issue, and the topic is not likely to appeal to a large population. Moreover, the tweet is making a claim that is easily verifiable and is likely to be dismissed by most people.

Therefore, the tweet is believable by few.

69
https://t.co/b0U0CEz5rK

The potentially misleading tweet above is tweeted by someone with 947681 followers and has 1414 retweets.

If this tweet were spread to a population that
 - is highly polarized
 - is susceptible to misinformation
 - is susceptible to bandwagon cues and gets easily influenced by popular figures
 - doesn't think rationally or critically
 - gets easily influenced by emotion, especially negative ones
 - tends to believe information that aligns with their prior beliefs
would its message be believed by many or by few? Think in terms of how the tweet might appeal to the population and consider the tweet's metadata, sentiment, and topic. Do NOT consider the tweet's own factual accuracy, as a factually inaccurate tweet can still appear believable to the general public.

The tweet contains only a link and no text, so it's hard to determine its sentiment or topic. The author has 947681 followers, but the tweet itself has only 1414 retweets, indicating that it doesn't have a lot of endorsements. Without any context, it's difficult to determine if the tweet would be believed by many or by few.

Therefore, it's hard to determine if the tweet would be believed by many or by few.

70
DDOS is free speech, Cloudflare's entire business model is censorship.

The potentially misleading tweet above is tweeted by someone with 22475 followers and has 115 retweets.

If this tweet were spread to a population that
 - is highly polarized
 - is susceptible to misinformation
 - is susceptible to bandwagon cues and gets easily influenced by popular figures
 - doesn't think rationally or critically
 - gets easily influenced by emotion, especially negative ones
 - tends to believe information that aligns with their prior beliefs
would its message be believed by many or by few? Think in terms of how the tweet might appeal to the population and consider the tweet's metadata, sentiment, and topic. Do NOT consider the tweet's own factual accuracy, as a factually inaccurate tweet can still appear believable to the general public.

The author of the tweet has 22475 followers, and the tweet itself has only 115 retweets. The tweet doesn't have many endorsements, and the author doesn't seem influential. The tweet is written in a negative sentiment, and negative emotions sway people more than positive ones. However, the tweet addresses a technical topic that most people may not understand, and it doesn't appeal to a broad audience.

Therefore, the tweet is believable by few.

71
🇺🇸#America

Horrifying footage shows the moment a football coach was shot dead during a Vallejo High School mass shooting.

The footage captured by a student shows the coach attempting to break up a fight before being gunned down by one of the students. https://t.co/wOvGp2IM3u

The potentially misleading tweet above is tweeted by someone with 24509 followers and has 111 retweets.

If this tweet were spread to a population that
 - is highly polarized
 - is susceptible to misinformation
 - is susceptible to bandwagon cues and gets easily influenced by popular figures
 - doesn't think rationally or critically
 - gets easily influenced by emotion, especially negative ones
 - tends to believe information that aligns with their prior beliefs
would its message be believed by many or by few? Think in terms of how the tweet might appeal to the population and consider the tweet's metadata, sentiment, and topic. Do NOT consider the tweet's own factual accuracy, as a factually inaccurate tweet can still appear believable to the general public.

The author of the tweet has 24509 followers, and the tweet itself has only 111 retweets. The tweet has a negative sentiment, and negative emotions sway people more than positive ones. However, the tweet is about a mass shooting, which is a sensitive topic, and people tend to be more cautious about the accuracy of information related to such topics.

Therefore, the tweet is believable by few.

72
You may have seen the wild headlines: Florida will require female student athletes to report their menstrual cycles in order to register for team sports.

Watch this moment from a school board meeting in mid-August where parents erupted with outrage over the invasion of privacy. https://t.co/1NG4aIjlTH

The potentially misleading tweet above is tweeted by someone with 359828 followers and has 395 retweets.

If this tweet were spread to a population that
 - is highly polarized
 - is susceptible to misinformation
 - is susceptible to bandwagon cues and gets easily influenced by popular figures
 - doesn't think rationally or critically
 - gets easily influenced by emotion, especially negative ones
 - tends to believe information that aligns with their prior beliefs
would its message be believed by many or by few? Think in terms of how the tweet might appeal to the population and consider the tweet's metadata, sentiment, and topic. Do NOT consider the tweet's own factual accuracy, as a factually inaccurate tweet can still appear believable to the general public.

The author of the tweet has 359828 followers, but the tweet itself has only 395 retweets, indicating that it doesn't have many endorsements. The tweet is written in a negative sentiment, and negative emotions sway people more than positive ones. However, the tweet is addressing a specific issue that may not be relevant to everyone, and the topic may not be as polarizing as other political issues.

Therefore, the tweet is believable by few.

73
Every single data mining “ social media “  company - violates this https://t.co/C1yjZkY4Zp

The potentially misleading tweet above is tweeted by someone with 1763427 followers and has 103 retweets.

If this tweet were spread to a population that
 - is highly polarized
 - is susceptible to misinformation
 - is susceptible to bandwagon cues and gets easily influenced by popular figures
 - doesn't think rationally or critically
 - gets easily influenced by emotion, especially negative ones
 - tends to believe information that aligns with their prior beliefs
would its message be believed by many or by few? Think in terms of how the tweet might appeal to the population and consider the tweet's metadata, sentiment, and topic. Do NOT consider the tweet's own factual accuracy, as a factually inaccurate tweet can still appear believable to the general public.

The author of the tweet has 1763427 followers, but the tweet itself has only 103 retweets, indicating that it doesn't have many endorsements. The tweet is written in a negative sentiment, but it doesn't address any contentious political issues or personalities. The tweet is also vague and doesn't provide any specific information or evidence to support its claim.

Therefore, the tweet is believable by few.

74
… Out of wedlock? https://t.co/35iCzOtfFe

The potentially misleading tweet above is tweeted by someone with 2845 followers and has 1056 retweets.

If this tweet were spread to a population that
 - is highly polarized
 - is susceptible to misinformation
 - is susceptible to bandwagon cues and gets easily influenced by popular figures
 - doesn't think rationally or critically
 - gets easily influenced by emotion, especially negative ones
 - tends to believe information that aligns with their prior beliefs
would its message be believed by many or by few? Think in terms of how the tweet might appeal to the population and consider the tweet's metadata, sentiment, and topic. Do NOT consider the tweet's own factual accuracy, as a factually inaccurate tweet can still appear believable to the general public.

The author of the tweet has only 2845 followers, and the tweet itself has 1056 retweets. The tweet doesn't have many endorsements, and the author is not influential. The tweet is written in a negative sentiment, and negative emotions sway people more than positive ones. However, the tweet is vague and doesn't address any contentious political issues.

Therefore, the tweet is believable by few.

75
Accused Minnesota parade killer weeps while presenting his defense to the jury https://t.co/fR9PYuqGW6 https://t.co/CTYArP5zas

The potentially misleading tweet above is tweeted by someone with 2850287 followers and has 113 retweets.

If this tweet were spread to a population that
 - is highly polarized
 - is susceptible to misinformation
 - is susceptible to bandwagon cues and gets easily influenced by popular figures
 - doesn't think rationally or critically
 - gets easily influenced by emotion, especially negative ones
 - tends to believe information that aligns with their prior beliefs
would its message be believed by many or by few? Think in terms of how the tweet might appeal to the population and consider the tweet's metadata, sentiment, and topic. Do NOT consider the tweet's own factual accuracy, as a factually inaccurate tweet can still appear believable to the general public.

The author of the tweet has 2850287 followers, but the tweet itself has only 113 retweets. The tweet has a neutral sentiment, and neutral tweets are less likely to sway people's opinions. The tweet addresses a specific event, and people who are not interested in the event are less likely to be influenced by the tweet.

Therefore, the tweet is believable by few.

76
posted in 2012 https://t.co/j5qLzulgK5

The potentially misleading tweet above is tweeted by someone with 147972 followers and has 2659 retweets.

If this tweet were spread to a population that
 - is highly polarized
 - is susceptible to misinformation
 - is susceptible to bandwagon cues and gets easily influenced by popular figures
 - doesn't think rationally or critically
 - gets easily influenced by emotion, especially negative ones
 - tends to believe information that aligns with their prior beliefs
would its message be believed by many or by few? Think in terms of how the tweet might appeal to the population and consider the tweet's metadata, sentiment, and topic. Do NOT consider the tweet's own factual accuracy, as a factually inaccurate tweet can still appear believable to the general public.

The tweet is from 2012, which means it is old and may not be relevant anymore. The author of the tweet has 147972 followers, and the tweet itself has 2659 retweets, which is not a lot of endorsements. The tweet doesn't have any sentiment, and it doesn't address any contentious political issues. Therefore, the tweet is not likely to appeal to the population.

Therefore, the tweet is believable by few.

77
Let the people trade.

The potentially misleading tweet above is tweeted by someone with 1124595 followers and has 18396 retweets.

If this tweet were spread to a population that
 - is highly polarized
 - is susceptible to misinformation
 - is susceptible to bandwagon cues and gets easily influenced by popular figures
 - doesn't think rationally or critically
 - gets easily influenced by emotion, especially negative ones
 - tends to believe information that aligns with their prior beliefs
would its message be believed by many or by few? Think in terms of how the tweet might appeal to the population and consider the tweet's metadata, sentiment, and topic. Do NOT consider the tweet's own factual accuracy, as a factually inaccurate tweet can still appear believable to the general public.

The tweet is short and doesn't have any specific context or sentiment. It is difficult to determine the tweet's appeal to the population without any additional information. However, the author has a considerable number of followers, and the tweet has a moderate number of retweets, which may indicate that the author is influential. 

Therefore, the tweet's believability depends on the context and the audience. It could be believable by many or by few, depending on the situation.

78
Hey 🇺🇸Trump Supporters🇺🇸! Skip poll lines at #Election2016 and TEXT in your vote! Text votes are legit. Or vote tomorrow on Super Wednesday! https://t.co/ES34HV0yad

The potentially misleading tweet above is tweeted by someone with 27490 followers and has 568 retweets.

If this tweet were spread to a population that
 - is highly polarized
 - is susceptible to misinformation
 - is susceptible to bandwagon cues and gets easily influenced by popular figures
 - doesn't think rationally or critically
 - gets easily influenced by emotion, especially negative ones
 - tends to believe information that aligns with their prior beliefs
would its message be believed by many or by few? Think in terms of how the tweet might appeal to the population and consider the tweet's metadata, sentiment, and topic. Do NOT consider the tweet's own factual accuracy, as a factually inaccurate tweet can still appear believable to the general public.

The tweet is written in a sarcastic tone and has a negative sentiment, which may make people less likely to believe it. The tweet also suggests that people can text in their vote, which is not true and may be easily fact-checked. The author of the tweet has a relatively small following, and the tweet itself has a low retweet count, which may indicate that it is not widely believed.

Therefore, the tweet is believable by few.

1693
BIDEN: I “signed a law” to cancel student loan debt and “got it passed by a vote or two.” https://t.co/AWKTlCjfeI

The potentially misleading tweet above is tweeted by someone with 324274 followers and has 315 retweets.

If this tweet were spread to a population that
 - is highly polarized
 - is susceptible to misinformation
 - is susceptible to bandwagon cues and gets easily influenced by popular figures
 - doesn't think rationally or critically
 - gets easily influenced by emotion, especially negative ones
 - tends to believe information that aligns with their prior beliefs
would its message be believed by many or by few? Think in terms of how the tweet might appeal to the population and consider the tweet's metadata, sentiment, and topic. Do NOT consider the tweet's own factual accuracy, as a factually inaccurate tweet can still appear believable to the general public.

The author of the tweet has 324274 followers, but the tweet itself doesn't get too many endorsements. The tweet is written in a negative sentiment, and negative emotions sway people more than positive ones. However, the tweet is about a political figure, and people tend to think less rationally when it comes to political topics.

Therefore, the tweet is believable by few.

1694
The “president” fell asleep on camera in the middle of a televised interview 

https://t.co/ghKioeYx9o

The potentially misleading tweet above is tweeted by someone with 868042 followers and has 13008 retweets.

If this tweet were spread to a population that
 - is highly polarized
 - is susceptible to misinformation
 - is susceptible to bandwagon cues and gets easily influenced by popular figures
 - doesn't think rationally or critically
 - gets easily influenced by emotion, especially negative ones
 - tends to believe information that aligns with their prior beliefs
would its message be believed by many or by few? Think in terms of how the tweet might appeal to the population and consider the tweet's metadata, sentiment, and topic. Do NOT consider the tweet's own factual accuracy, as a factually inaccurate tweet can still appear believable to the general public.

The author of the tweet has 868042 followers, and the tweet itself has 13008 retweets. The tweet's metadata indicates that it doesn't have many endorsements, and the tweet's sentiment is negative. However, the tweet's topic is not politically contentious, and it doesn't appeal to any particular group. Moreover, the tweet's message is easily verifiable, and people can quickly check if the president fell asleep on camera.

Therefore, the tweet is believable by few.

1695
Using drones to represent the destroyed architecture of ancient monuments https://t.co/BF4Gi6NGWC

The potentially misleading tweet above is tweeted by someone with 27100 followers and has 7677 retweets.

If this tweet were spread to a population that
 - is highly polarized
 - is susceptible to misinformation
 - is susceptible to bandwagon cues and gets easily influenced by popular figures
 - doesn't think rationally or critically
 - gets easily influenced by emotion, especially negative ones
 - tends to believe information that aligns with their prior beliefs
would its message be believed by many or by few? Think in terms of how the tweet might appeal to the population and consider the tweet's metadata, sentiment, and topic. Do NOT consider the tweet's own factual accuracy, as a factually inaccurate tweet can still appear believable to the general public.

The author of the tweet has 27100 followers, and the tweet itself has 7677 retweets. The tweet is about using drones to represent the destroyed architecture of ancient monuments, which is an artistic and creative idea. The tweet doesn't address any contentious political issues, and it doesn't have a negative sentiment. Therefore, the tweet is less likely to appeal to a highly polarized population, people susceptible to misinformation, or people who tend to believe information that aligns with their prior beliefs.

Therefore, the tweet is believable by few.

1696
BREAKING: New Twitter/Facebook competitor @TribelSocial network quickly bans infamous far-right social media hate group @libsoftiktok after they join and fire off a series of bigoted posts against the LGBTQ+ community. RT TO THANK TRIBEL FOR STANDING WITH THE LGBTQ+ COMMUNITY!

The potentially misleading tweet above is tweeted by someone with 521489 followers and has 1703 retweets.

If this tweet were spread to a population that
 - is highly polarized
 - is susceptible to misinformation
 - is susceptible to bandwagon cues and gets easily influenced by popular figures
 - doesn't think rationally or critically
 - gets easily influenced by emotion, especially negative ones
 - tends to believe information that aligns with their prior beliefs
would its message be believed by many or by few? Think in terms of how the tweet might appeal to the population and consider the tweet's metadata, sentiment, and topic. Do NOT consider the tweet's own factual accuracy, as a factually inaccurate tweet can still appear believable to the general public.

The author of the tweet has 521489 followers, but the tweet itself has a low retweet count. The tweet has a positive sentiment and appeals to the LGBTQ+ community, which may influence people who support LGBTQ+ rights. However, the tweet is promoting a new social media platform that is not well-known, and people may be skeptical of its credibility. Moreover, the tweet is making a claim that a far-right social media hate group was banned, which may be seen as a political statement and may not be believed by people who support the group.

Therefore, the tweet is believable by few.

1697
Last night one of our canvassers wearing my T-shirt and a Desantis hat was brutally attacked by 4 animals who told him Republicans weren’t allowed in their neighborhood in #Hialeah #Florida 

He suffered internal bleeding, a broken jaw &amp; will need facial reconstructive surgery https://t.co/36QpbySg58

The potentially misleading tweet above is tweeted by someone with 4523455 followers and has 8699 retweets.

If this tweet were spread to a population that
 - is highly polarized
 - is susceptible to misinformation
 - is susceptible to bandwagon cues and gets easily influenced by popular figures
 - doesn't think rationally or critically
 - gets easily influenced by emotion, especially negative ones
 - tends to believe information that aligns with their prior beliefs
would its message be believed by many or by few? Think in terms of how the tweet might appeal to the population and consider the tweet's metadata, sentiment, and topic. Do NOT consider the tweet's own factual accuracy, as a factually inaccurate tweet can still appear believable to the general public.

The author of the tweet has 4523455 followers, but the tweet itself doesn't get too many endorsements. The tweet has a negative sentiment, and negative emotions sway people more than positive ones. The tweet addresses a violent incident, and people tend to believe information that confirms their beliefs about violence. However, the tweet's metadata, such as the author's profile and the low retweet count, may reduce its believability.

Therefore, the tweet is believable by few.

1698
This picture is all over rightwing Facebook, and nobody seems to realize it’s Charles Manson… Or are they loving it because they do know who it is? https://t.co/sYR99wRzWK

The potentially misleading tweet above is tweeted by someone with 196731 followers and has 5245 retweets.

If this tweet were spread to a population that
 - is highly polarized
 - is susceptible to misinformation
 - is susceptible to bandwagon cues and gets easily influenced by popular figures
 - doesn't think rationally or critically
 - gets easily influenced by emotion, especially negative ones
 - tends to believe information that aligns with their prior beliefs
would its message be believed by many or by few? Think in terms of how the tweet might appeal to the population and consider the tweet's metadata, sentiment, and topic. Do NOT consider the tweet's own factual accuracy, as a factually inaccurate tweet can still appear believable to the general public.

The author of the tweet has 196731 followers, and the tweet itself has 5245 retweets. The tweet doesn't have a clear sentiment, and it doesn't address any contentious political issues. The tweet is about a picture that is circulating on Facebook, and it's unclear what the author's stance is. Therefore, the tweet is unlikely to appeal to a large population.

Therefore, the tweet is believable by few.

1699
If you’ve already seen a piglet balancing itself on a rolling ball today, just keep scrolling. 🐷 https://t.co/3fDqJhFu6Q

The potentially misleading tweet above is tweeted by someone with 122603 followers and has 57197 retweets.

If this tweet were spread to a population that
 - is highly polarized
 - is susceptible to misinformation
 - is susceptible to bandwagon cues and gets easily influenced by popular figures
 - doesn't think rationally or critically
 - gets easily influenced by emotion, especially negative ones
 - tends to believe information that aligns with their prior beliefs
would its message be believed by many or by few? Think in terms of how the tweet might appeal to the population and consider the tweet's metadata, sentiment, and topic. Do NOT consider the tweet's own factual accuracy, as a factually inaccurate tweet can still appear believable to the general public.

The author of the tweet has 122603 followers, and the tweet itself has 57197 retweets. The tweet is written in a positive sentiment, and positive emotions also sway people. The tweet is about a piglet balancing itself on a rolling ball, which is a cute and funny video. The tweet doesn't address any contentious political issues or controversial topics.

Therefore, the tweet is believable by few.

1700
https://t.co/LNutvClwSd

The potentially misleading tweet above is tweeted by someone with 545951 followers and has 2832 retweets.

If this tweet were spread to a population that
 - is highly polarized
 - is susceptible to misinformation
 - is susceptible to bandwagon cues and gets easily influenced by popular figures
 - doesn't think rationally or critically
 - gets easily influenced by emotion, especially negative ones
 - tends to believe information that aligns with their prior beliefs
would its message be believed by many or by few? Think in terms of how the tweet might appeal to the population and consider the tweet's metadata, sentiment, and topic. Do NOT consider the tweet's own factual accuracy, as a factually inaccurate tweet can still appear believable to the general public.

The tweet contains only a link and no text, so it's hard to determine its sentiment or topic. The author has 545951 followers, but the tweet itself has only 2832 retweets, indicating that it doesn't have many endorsements. Without any context, it's difficult to determine if the tweet would be believed by many or few.

Therefore, it's hard to determine if the tweet would be believed by many or few.

1701
BREAKING: @TribelSocial announces that its algorithms “successfully fought off a wave” of trolls from “the notoriously racist and homophobic @libsoftiktok” account, declaring that Tribel “suppressed their posts — exactly as intended.” RT TO THANK TRIBEL FOR STANDING AGAINST HATE!

The potentially misleading tweet above is tweeted by someone with 521489 followers and has 534 retweets.

If this tweet were spread to a population that
 - is highly polarized
 - is susceptible to misinformation
 - is susceptible to bandwagon cues and gets easily influenced by popular figures
 - doesn't think rationally or critically
 - gets easily influenced by emotion, especially negative ones
 - tends to believe information that aligns with their prior beliefs
would its message be believed by many or by few? Think in terms of how the tweet might appeal to the population and consider the tweet's metadata, sentiment, and topic. Do NOT consider the tweet's own factual accuracy, as a factually inaccurate tweet can still appear believable to the general public.

The author of the tweet has 521489 followers, but the tweet itself has only 534 retweets, indicating that it doesn't have many endorsements. The tweet is written in a positive sentiment, and positive emotions sway people less than negative ones. Moreover, the tweet addresses a specific company and account, which may not be familiar to many people. 

Therefore, the tweet is believable by few.

1702
There will be no condoms.
There will be no abortions. 
There will be no Plan B pills.
There will be no birth control pills.

Republicans will ban them all — NATIONWIDE, all 50 states and DC. They’ve literally promised to do this, and we need to listen — and take action.

The potentially misleading tweet above is tweeted by someone with 388485 followers and has 10123 retweets.

If this tweet were spread to a population that
 - is highly polarized
 - is susceptible to misinformation
 - is susceptible to bandwagon cues and gets easily influenced by popular figures
 - doesn't think rationally or critically
 - gets easily influenced by emotion, especially negative ones
 - tends to believe information that aligns with their prior beliefs
would its message be believed by many or by few? Think in terms of how the tweet might appeal to the population and consider the tweet's metadata, sentiment, and topic. Do NOT consider the tweet's own factual accuracy, as a factually inaccurate tweet can still appear believable to the general public.

The author of the tweet has 388485 followers, and the tweet itself has 10123 retweets. The tweet is written in a negative sentiment, and negative emotions sway people more than positive ones. Moreover, the tweet addresses a contentious political issue, and people tend to think less rationally when it comes to political topics. However, the tweet is making a claim that is not entirely accurate, and people who are well-informed on the topic may not believe it.

Therefore, the tweet is believable by few.

1703
If your answer is NO, consider joining @TribelSocial to get your Tribel account ready for the looming exodus from Twitter to Tribel social network. Hundreds of thousands of progressives have already done so, including Occupy Democrats. Here’s the link: https://t.co/gJiyFH7NsS

The potentially misleading tweet above is tweeted by someone with 521489 followers and has 104 retweets.

If this tweet were spread to a population that
 - is highly polarized
 - is susceptible to misinformation
 - is susceptible to bandwagon cues and gets easily influenced by popular figures
 - doesn't think rationally or critically
 - gets easily influenced by emotion, especially negative ones
 - tends to believe information that aligns with their prior beliefs
would its message be believed by many or by few? Think in terms of how the tweet might appeal to the population and consider the tweet's metadata, sentiment, and topic. Do NOT consider the tweet's own factual accuracy, as a factually inaccurate tweet can still appear believable to the general public.

The author of the tweet has 521489 followers, but the tweet itself has only 104 retweets, indicating that it doesn't have many endorsements. The tweet is written in a neutral sentiment, and it doesn't address any contentious political issues. The tweet is promoting a social network, which may not appeal to everyone.

Therefore, the tweet is believable by few.

1704
i am just catching up on the DeSantis-Crist debate and OMG

Crist: "Yes or no, Ron. Will you serve a full four year term if you're reelected governor of Florida? It's not a tough question. It's a fair question. He won't tell ya."

DeSantis: *looks like he's malfunctioning* https://t.co/y1fnua6ZQj

The potentially misleading tweet above is tweeted by someone with 851188 followers and has 1691 retweets.

If this tweet were spread to a population that
 - is highly polarized
 - is susceptible to misinformation
 - is susceptible to bandwagon cues and gets easily influenced by popular figures
 - doesn't think rationally or critically
 - gets easily influenced by emotion, especially negative ones
 - tends to believe information that aligns with their prior beliefs
would its message be believed by many or by few? Think in terms of how the tweet might appeal to the population and consider the tweet's metadata, sentiment, and topic. Do NOT consider the tweet's own factual accuracy, as a factually inaccurate tweet can still appear believable to the general public.

The author of the tweet has 851188 followers, but the tweet itself has a low retweet count. The tweet doesn't have a strong sentiment, and it doesn't address contentious political issues. The tweet is about a debate between two political figures, and it doesn't appeal to a particular political party or ideology.

Therefore, the tweet is believable by few.

1705
BREAKING NEWS: Trumper bigots who follow the far-right @libsoftiktok lose their minds after new pro-democracy Twitter alternative @TribelSocial bans quickly bans LibsofTikTok from its service for making transphobic posts. RT IF YOU STAND WITH TRIBEL AGAINST LIBSOFTIKTOK’S HATE!

The potentially misleading tweet above is tweeted by someone with 521489 followers and has 932 retweets.

If this tweet were spread to a population that
 - is highly polarized
 - is susceptible to misinformation
 - is susceptible to bandwagon cues and gets easily influenced by popular figures
 - doesn't think rationally or critically
 - gets easily influenced by emotion, especially negative ones
 - tends to believe information that aligns with their prior beliefs
would its message be believed by many or by few? Think in terms of how the tweet might appeal to the population and consider the tweet's metadata, sentiment, and topic. Do NOT consider the tweet's own factual accuracy, as a factually inaccurate tweet can still appear believable to the general public.

The author of the tweet has 521489 followers, but the tweet itself doesn't get too many endorsements. The tweet is written in a negative sentiment, and negative emotions sway people more than positive ones. However, the tweet addresses a specific group of people and a specific event, which may not be relevant or appealing to a broader audience. Moreover, the tweet uses specific jargon and references that may not be familiar to everyone.

Therefore, the tweet is believable by few.

1706
BREAKING: Elon Musk tweets a video of him moving in to Twitter headquarters, signaling that his purchase is complete. In retaliation to his plans to invite Trump &amp; his neo-nazis back, millions of angry Twitter users join @TribelSocial, a new pro-democracy Twitter alternative. RT!

The potentially misleading tweet above is tweeted by someone with 521489 followers and has 1602 retweets.

If this tweet were spread to a population that
 - is highly polarized
 - is susceptible to misinformation
 - is susceptible to bandwagon cues and gets easily influenced by popular figures
 - doesn't think rationally or critically
 - gets easily influenced by emotion, especially negative ones
 - tends to believe information that aligns with their prior beliefs
would its message be believed by many or by few? Think in terms of how the tweet might appeal to the population and consider the tweet's metadata, sentiment, and topic. Do NOT consider the tweet's own factual accuracy, as a factually inaccurate tweet can still appear believable to the general public.

The tweet is written in a sensationalist tone, and the author has a moderate number of followers and retweets. The tweet addresses Elon Musk, a popular figure, and appeals to people who are against Trump and neo-nazis. However, the tweet's content is implausible and lacks credibility, and people who think rationally and critically may not believe it.

Therefore, the tweet is believable by few.

1707
https://t.co/bMBwHVJ1d6

The potentially misleading tweet above is tweeted by someone with 214805 followers and has 2912 retweets.

If this tweet were spread to a population that
 - is highly polarized
 - is susceptible to misinformation
 - is susceptible to bandwagon cues and gets easily influenced by popular figures
 - doesn't think rationally or critically
 - gets easily influenced by emotion, especially negative ones
 - tends to believe information that aligns with their prior beliefs
would its message be believed by many or by few? Think in terms of how the tweet might appeal to the population and consider the tweet's metadata, sentiment, and topic. Do NOT consider the tweet's own factual accuracy, as a factually inaccurate tweet can still appear believable to the general public.

The tweet contains only a link, and it is impossible to determine its content or sentiment without clicking on it. However, the author has a moderate number of followers, and the tweet has a low number of retweets, indicating that it may not have a significant impact on the audience. 

Therefore, it is difficult to determine whether the tweet is believable by many or by few without more information.

1708
I am outraged. This signage by @TheWharfDC says NO MASKS—a critical and lifesaving public health intervention—are allowed on Wharf property. Meanwhile, we are still experiencing a pandemic of COVID-19, an airborne virus. @_DCHealth @MayorBowser https://t.co/qHLCWoGrae

The potentially misleading tweet above is tweeted by someone with 3118 followers and has 1571 retweets.

If this tweet were spread to a population that
 - is highly polarized
 - is susceptible to misinformation
 - is susceptible to bandwagon cues and gets easily influenced by popular figures
 - doesn't think rationally or critically
 - gets easily influenced by emotion, especially negative ones
 - tends to believe information that aligns with their prior beliefs
would its message be believed by many or by few? Think in terms of how the tweet might appeal to the population and consider the tweet's metadata, sentiment, and topic. Do NOT consider the tweet's own factual accuracy, as a factually inaccurate tweet can still appear believable to the general public.

The author of the tweet has 3118 followers, and the tweet itself has 1571 retweets. The tweet is written in a negative sentiment, and negative emotions sway people more than positive ones. However, the tweet addresses a public health issue, and people tend to think more rationally when it comes to health and safety. Moreover, the tweet is not politically charged, and it doesn't appeal to a particular group of people.

Therefore, the tweet is believable by few.

1709
Crime has gotten so bad in liberal cities that stores are having to close early for safety reasons. 

Unbelievable.

The potentially misleading tweet above is tweeted by someone with 3825405 followers and has 3193 retweets.

If this tweet were spread to a population that
 - is highly polarized
 - is susceptible to misinformation
 - is susceptible to bandwagon cues and gets easily influenced by popular figures
 - doesn't think rationally or critically
 - gets easily influenced by emotion, especially negative ones
 - tends to believe information that aligns with their prior beliefs
would its message be believed by many or by few? Think in terms of how the tweet might appeal to the population and consider the tweet's metadata, sentiment, and topic. Do NOT consider the tweet's own factual accuracy, as a factually inaccurate tweet can still appear believable to the general public.

The author of the tweet has 3825405 followers, but the tweet itself has only 3193 retweets. The tweet is written in a negative sentiment, and negative emotions sway people more than positive ones. Moreover, the tweet addresses a contentious political issue, and people tend to think less rationally when it comes to political topics. However, the tweet is not specific about which cities or stores it is referring to, which may make it less believable.

Therefore, the tweet is believable by few.

1710
Scientists at Stanford University have reconstructed this 3D model of how Joseph, the husband of Mary the Mother of Jesus Christ might have looked. https://t.co/zw0XOphtDk

The potentially misleading tweet above is tweeted by someone with 3904 followers and has 7249 retweets.

If this tweet were spread to a population that
 - is highly polarized
 - is susceptible to misinformation
 - is susceptible to bandwagon cues and gets easily influenced by popular figures
 - doesn't think rationally or critically
 - gets easily influenced by emotion, especially negative ones
 - tends to believe information that aligns with their prior beliefs
would its message be believed by many or by few? Think in terms of how the tweet might appeal to the population and consider the tweet's metadata, sentiment, and topic. Do NOT consider the tweet's own factual accuracy, as a factually inaccurate tweet can still appear believable to the general public.

The author of the tweet has 3904 followers, and the tweet itself has 7249 retweets. Although the author is not very influential, the tweet has a lot of endorsements, which may increase its believability. The tweet is written in a neutral sentiment and appeals to people interested in religious topics. However, the tweet doesn't address any contentious political issues or appeal to people's emotions.

Therefore, the tweet is believable by few.

1711
We salute #MuhammadAli as a great American. Sadly, we need to acknowledge that Donald Trump wouldn't even allow him to come into America.

The potentially misleading tweet above is tweeted by someone with 4144 followers and has 58 retweets.

If this tweet were spread to a population that
 - is highly polarized
 - is susceptible to misinformation
 - is susceptible to bandwagon cues and gets easily influenced by popular figures
 - doesn't think rationally or critically
 - gets easily influenced by emotion, especially negative ones
 - tends to believe information that aligns with their prior beliefs
would its message be believed by many or by few? Think in terms of how the tweet might appeal to the population and consider the tweet's metadata, sentiment, and topic. Do NOT consider the tweet's own factual accuracy, as a factually inaccurate tweet can still appear believable to the general public.

The author of the tweet has only 4144 followers, and the tweet itself has only 58 retweets. The tweet is written in a positive sentiment, and positive emotions sway people less than negative ones. Moreover, the tweet addresses a historical figure, and people tend to think more rationally when it comes to historical topics.

Therefore, the tweet is believable by few.

1712
Facts don't care about your feelings.

The potentially misleading tweet above is tweeted by someone with 5491411 followers and has 132894 retweets.

If this tweet were spread to a population that
 - is highly polarized
 - is susceptible to misinformation
 - is susceptible to bandwagon cues and gets easily influenced by popular figures
 - doesn't think rationally or critically
 - gets easily influenced by emotion, especially negative ones
 - tends to believe information that aligns with their prior beliefs
would its message be believed by many or by few? Think in terms of how the tweet might appeal to the population and consider the tweet's metadata, sentiment, and topic. Do NOT consider the tweet's own factual accuracy, as a factually inaccurate tweet can still appear believable to the general public.

The author of the tweet has 5491411 followers, and the tweet itself has 132894 retweets. Tweets written by influential authors with more endorsements may have a higher influence on the audience. The tweet is written in a neutral sentiment, and it appeals to people who value facts over emotions. However, the tweet is also vague and can be interpreted in different ways, which may lead to confusion and misinterpretation.

Therefore, the tweet is believable by many.

accuracy: 0.525
precision: 1.0
recall: 0.05
f1 score: 0.09523809523809523
